mode: set
go-back/internal/service/user.go:21.54,25.2 1 1
go-back/internal/service/user.go:27.61,29.16 2 1
go-back/internal/service/user.go:29.16,31.3 1 1
go-back/internal/service/user.go:32.2,32.19 1 1
go-back/internal/service/user.go:35.76,37.16 2 1
go-back/internal/service/user.go:37.16,39.3 1 1
go-back/internal/service/user.go:40.2,40.18 1 1
go-back/internal/service/user.go:43.74,45.16 2 0
go-back/internal/service/user.go:45.16,47.3 1 0
go-back/internal/service/user.go:48.2,48.18 1 0
go-back/internal/service/user.go:51.73,53.16 2 0
go-back/internal/service/user.go:53.16,55.3 1 0
go-back/internal/service/user.go:56.2,56.18 1 0
go-back/internal/service/user.go:59.80,61.16 2 0
go-back/internal/service/user.go:61.16,63.3 1 0
go-back/internal/service/user.go:64.2,64.18 1 0
go-back/internal/service/user.go:67.78,69.16 2 0
go-back/internal/service/user.go:69.16,71.3 1 0
go-back/internal/service/user.go:72.2,72.25 1 0
go-back/internal/service/user.go:75.57,77.16 2 0
go-back/internal/service/user.go:77.16,79.3 1 0
go-back/internal/service/user.go:80.2,80.12 1 0
